<?xml version="1.0" encoding="UTF-8"?>
<testng-results ignored="0" total="19" passed="19" failed="0" skipped="0">
  <reporter-output>
  </reporter-output>
  <suite started-at="2026-02-04T07:08:58 IST" name="Default suite" finished-at="2026-02-04T07:09:52 IST" duration-ms="54421">
    <groups>
    </groups>
    <test started-at="2026-02-04T07:08:58 IST" name="Default test" finished-at="2026-02-04T07:09:52 IST" duration-ms="54421">
      <class name="com.saucedemo.tests.LoginPageTests">
        <test-method is-config="true" signature="setup()[pri:0, instance:com.saucedemo.tests.LoginPageTests@5bf0d49]" started-at="2026-02-04T07:08:58 IST" name="setup" finished-at="2026-02-04T07:09:04 IST" duration-ms="6309" status="PASS">
          <reporter-output>
          </reporter-output>
        </test-method> <!-- setup -->
        <test-method is-config="true" signature="setupPage()[pri:0, instance:com.saucedemo.tests.LoginPageTests@5bf0d49]" started-at="2026-02-04T07:09:04 IST" name="setupPage" finished-at="2026-02-04T07:09:04 IST" duration-ms="24" status="PASS">
          <reporter-output>
          </reporter-output>
        </test-method> <!-- setupPage -->
        <test-method signature="TC_LoginPage_001()[pri:0, instance:com.saucedemo.tests.LoginPageTests@5bf0d49]" started-at="2026-02-04T07:09:04 IST" name="TC_LoginPage_001" finished-at="2026-02-04T07:09:05 IST" duration-ms="358" status="PASS">
          <reporter-output>
          </reporter-output>
        </test-method> <!-- TC_LoginPage_001 -->
        <test-method is-config="true" signature="quit()[pri:0, instance:com.saucedemo.tests.LoginPageTests@5bf0d49]" started-at="2026-02-04T07:09:05 IST" name="quit" finished-at="2026-02-04T07:09:05 IST" duration-ms="277" status="PASS">
          <reporter-output>
          </reporter-output>
        </test-method> <!-- quit -->
        <test-method is-config="true" signature="setup()[pri:0, instance:com.saucedemo.tests.LoginPageTests@5bf0d49]" started-at="2026-02-04T07:09:05 IST" name="setup" finished-at="2026-02-04T07:09:06 IST" duration-ms="1485" status="PASS">
          <reporter-output>
          </reporter-output>
        </test-method> <!-- setup -->
        <test-method signature="TC_LoginPage_002()[pri:0, instance:com.saucedemo.tests.LoginPageTests@5bf0d49]" started-at="2026-02-04T07:09:06 IST" name="TC_LoginPage_002" finished-at="2026-02-04T07:09:07 IST" duration-ms="316" status="PASS">
          <reporter-output>
          </reporter-output>
        </test-method> <!-- TC_LoginPage_002 -->
        <test-method is-config="true" signature="setupPage()[pri:0, instance:com.saucedemo.tests.LoginPageTests@5bf0d49]" started-at="2026-02-04T07:09:06 IST" name="setupPage" finished-at="2026-02-04T07:09:06 IST" duration-ms="0" status="PASS">
          <reporter-output>
          </reporter-output>
        </test-method> <!-- setupPage -->
        <test-method is-config="true" signature="quit()[pri:0, instance:com.saucedemo.tests.LoginPageTests@5bf0d49]" started-at="2026-02-04T07:09:07 IST" name="quit" finished-at="2026-02-04T07:09:07 IST" duration-ms="212" status="PASS">
          <reporter-output>
          </reporter-output>
        </test-method> <!-- quit -->
        <test-method is-config="true" signature="setup()[pri:0, instance:com.saucedemo.tests.LoginPageTests@5bf0d49]" started-at="2026-02-04T07:09:07 IST" name="setup" finished-at="2026-02-04T07:09:09 IST" duration-ms="1501" status="PASS">
          <reporter-output>
          </reporter-output>
        </test-method> <!-- setup -->
        <test-method signature="TC_LoginPage_003()[pri:0, instance:com.saucedemo.tests.LoginPageTests@5bf0d49]" started-at="2026-02-04T07:09:09 IST" name="TC_LoginPage_003" finished-at="2026-02-04T07:09:09 IST" duration-ms="288" status="PASS">
          <reporter-output>
          </reporter-output>
        </test-method> <!-- TC_LoginPage_003 -->
        <test-method is-config="true" signature="setupPage()[pri:0, instance:com.saucedemo.tests.LoginPageTests@5bf0d49]" started-at="2026-02-04T07:09:09 IST" name="setupPage" finished-at="2026-02-04T07:09:09 IST" duration-ms="0" status="PASS">
          <reporter-output>
          </reporter-output>
        </test-method> <!-- setupPage -->
        <test-method is-config="true" signature="quit()[pri:0, instance:com.saucedemo.tests.LoginPageTests@5bf0d49]" started-at="2026-02-04T07:09:09 IST" name="quit" finished-at="2026-02-04T07:09:09 IST" duration-ms="221" status="PASS">
          <reporter-output>
          </reporter-output>
        </test-method> <!-- quit -->
        <test-method is-config="true" signature="setup()[pri:0, instance:com.saucedemo.tests.LoginPageTests@5bf0d49]" started-at="2026-02-04T07:09:09 IST" name="setup" finished-at="2026-02-04T07:09:11 IST" duration-ms="1517" status="PASS">
          <reporter-output>
          </reporter-output>
        </test-method> <!-- setup -->
        <test-method signature="TC_LoginPage_004()[pri:0, instance:com.saucedemo.tests.LoginPageTests@5bf0d49]" started-at="2026-02-04T07:09:11 IST" name="TC_LoginPage_004" finished-at="2026-02-04T07:09:11 IST" duration-ms="298" status="PASS">
          <reporter-output>
          </reporter-output>
        </test-method> <!-- TC_LoginPage_004 -->
        <test-method is-config="true" signature="setupPage()[pri:0, instance:com.saucedemo.tests.LoginPageTests@5bf0d49]" started-at="2026-02-04T07:09:11 IST" name="setupPage" finished-at="2026-02-04T07:09:11 IST" duration-ms="0" status="PASS">
          <reporter-output>
          </reporter-output>
        </test-method> <!-- setupPage -->
        <test-method is-config="true" signature="quit()[pri:0, instance:com.saucedemo.tests.LoginPageTests@5bf0d49]" started-at="2026-02-04T07:09:11 IST" name="quit" finished-at="2026-02-04T07:09:11 IST" duration-ms="218" status="PASS">
          <reporter-output>
          </reporter-output>
        </test-method> <!-- quit -->
        <test-method is-config="true" signature="setup()[pri:0, instance:com.saucedemo.tests.LoginPageTests@5bf0d49]" started-at="2026-02-04T07:09:11 IST" name="setup" finished-at="2026-02-04T07:09:13 IST" duration-ms="1465" status="PASS">
          <reporter-output>
          </reporter-output>
        </test-method> <!-- setup -->
        <test-method signature="TC_LoginPage_005()[pri:0, instance:com.saucedemo.tests.LoginPageTests@5bf0d49]" started-at="2026-02-04T07:09:13 IST" name="TC_LoginPage_005" finished-at="2026-02-04T07:09:13 IST" duration-ms="293" status="PASS">
          <reporter-output>
          </reporter-output>
        </test-method> <!-- TC_LoginPage_005 -->
        <test-method is-config="true" signature="setupPage()[pri:0, instance:com.saucedemo.tests.LoginPageTests@5bf0d49]" started-at="2026-02-04T07:09:13 IST" name="setupPage" finished-at="2026-02-04T07:09:13 IST" duration-ms="0" status="PASS">
          <reporter-output>
          </reporter-output>
        </test-method> <!-- setupPage -->
        <test-method is-config="true" signature="quit()[pri:0, instance:com.saucedemo.tests.LoginPageTests@5bf0d49]" started-at="2026-02-04T07:09:13 IST" name="quit" finished-at="2026-02-04T07:09:13 IST" duration-ms="233" status="PASS">
          <reporter-output>
          </reporter-output>
        </test-method> <!-- quit -->
        <test-method is-config="true" signature="setup()[pri:0, instance:com.saucedemo.tests.LoginPageTests@5bf0d49]" started-at="2026-02-04T07:09:13 IST" name="setup" finished-at="2026-02-04T07:09:15 IST" duration-ms="1466" status="PASS">
          <reporter-output>
          </reporter-output>
        </test-method> <!-- setup -->
        <test-method signature="TC_LoginPage_006()[pri:0, instance:com.saucedemo.tests.LoginPageTests@5bf0d49]" started-at="2026-02-04T07:09:15 IST" name="TC_LoginPage_006" finished-at="2026-02-04T07:09:15 IST" duration-ms="269" status="PASS">
          <reporter-output>
          </reporter-output>
        </test-method> <!-- TC_LoginPage_006 -->
        <test-method is-config="true" signature="setupPage()[pri:0, instance:com.saucedemo.tests.LoginPageTests@5bf0d49]" started-at="2026-02-04T07:09:15 IST" name="setupPage" finished-at="2026-02-04T07:09:15 IST" duration-ms="0" status="PASS">
          <reporter-output>
          </reporter-output>
        </test-method> <!-- setupPage -->
        <test-method is-config="true" signature="quit()[pri:0, instance:com.saucedemo.tests.LoginPageTests@5bf0d49]" started-at="2026-02-04T07:09:15 IST" name="quit" finished-at="2026-02-04T07:09:15 IST" duration-ms="233" status="PASS">
          <reporter-output>
          </reporter-output>
        </test-method> <!-- quit -->
        <test-method is-config="true" signature="setup()[pri:0, instance:com.saucedemo.tests.LoginPageTests@5bf0d49]" started-at="2026-02-04T07:09:15 IST" name="setup" finished-at="2026-02-04T07:09:17 IST" duration-ms="1496" status="PASS">
          <reporter-output>
          </reporter-output>
        </test-method> <!-- setup -->
        <test-method signature="TC_LoginPage_007()[pri:0, instance:com.saucedemo.tests.LoginPageTests@5bf0d49]" started-at="2026-02-04T07:09:17 IST" name="TC_LoginPage_007" finished-at="2026-02-04T07:09:17 IST" duration-ms="299" status="PASS">
          <reporter-output>
          </reporter-output>
        </test-method> <!-- TC_LoginPage_007 -->
        <test-method is-config="true" signature="setupPage()[pri:0, instance:com.saucedemo.tests.LoginPageTests@5bf0d49]" started-at="2026-02-04T07:09:17 IST" name="setupPage" finished-at="2026-02-04T07:09:17 IST" duration-ms="0" status="PASS">
          <reporter-output>
          </reporter-output>
        </test-method> <!-- setupPage -->
        <test-method is-config="true" signature="quit()[pri:0, instance:com.saucedemo.tests.LoginPageTests@5bf0d49]" started-at="2026-02-04T07:09:17 IST" name="quit" finished-at="2026-02-04T07:09:17 IST" duration-ms="212" status="PASS">
          <reporter-output>
          </reporter-output>
        </test-method> <!-- quit -->
        <test-method is-config="true" signature="setup()[pri:0, instance:com.saucedemo.tests.LoginPageTests@5bf0d49]" started-at="2026-02-04T07:09:17 IST" name="setup" finished-at="2026-02-04T07:09:20 IST" duration-ms="2832" status="PASS">
          <reporter-output>
          </reporter-output>
        </test-method> <!-- setup -->
        <test-method signature="TC_LoginPage_008()[pri:0, instance:com.saucedemo.tests.LoginPageTests@5bf0d49]" started-at="2026-02-04T07:09:20 IST" name="TC_LoginPage_008" finished-at="2026-02-04T07:09:20 IST" duration-ms="267" status="PASS">
          <reporter-output>
          </reporter-output>
        </test-method> <!-- TC_LoginPage_008 -->
        <test-method is-config="true" signature="setupPage()[pri:0, instance:com.saucedemo.tests.LoginPageTests@5bf0d49]" started-at="2026-02-04T07:09:20 IST" name="setupPage" finished-at="2026-02-04T07:09:20 IST" duration-ms="0" status="PASS">
          <reporter-output>
          </reporter-output>
        </test-method> <!-- setupPage -->
        <test-method is-config="true" signature="quit()[pri:0, instance:com.saucedemo.tests.LoginPageTests@5bf0d49]" started-at="2026-02-04T07:09:20 IST" name="quit" finished-at="2026-02-04T07:09:20 IST" duration-ms="235" status="PASS">
          <reporter-output>
          </reporter-output>
        </test-method> <!-- quit -->
        <test-method is-config="true" signature="setup()[pri:0, instance:com.saucedemo.tests.LoginPageTests@5bf0d49]" started-at="2026-02-04T07:09:20 IST" name="setup" finished-at="2026-02-04T07:09:22 IST" duration-ms="1518" status="PASS">
          <reporter-output>
          </reporter-output>
        </test-method> <!-- setup -->
        <test-method signature="TC_LoginPage_009()[pri:0, instance:com.saucedemo.tests.LoginPageTests@5bf0d49]" started-at="2026-02-04T07:09:22 IST" name="TC_LoginPage_009" finished-at="2026-02-04T07:09:22 IST" duration-ms="317" status="PASS">
          <reporter-output>
          </reporter-output>
        </test-method> <!-- TC_LoginPage_009 -->
        <test-method is-config="true" signature="setupPage()[pri:0, instance:com.saucedemo.tests.LoginPageTests@5bf0d49]" started-at="2026-02-04T07:09:22 IST" name="setupPage" finished-at="2026-02-04T07:09:22 IST" duration-ms="0" status="PASS">
          <reporter-output>
          </reporter-output>
        </test-method> <!-- setupPage -->
        <test-method is-config="true" signature="quit()[pri:0, instance:com.saucedemo.tests.LoginPageTests@5bf0d49]" started-at="2026-02-04T07:09:22 IST" name="quit" finished-at="2026-02-04T07:09:22 IST" duration-ms="227" status="PASS">
          <reporter-output>
          </reporter-output>
        </test-method> <!-- quit -->
        <test-method is-config="true" signature="setup()[pri:0, instance:com.saucedemo.tests.LoginPageTests@5bf0d49]" started-at="2026-02-04T07:09:22 IST" name="setup" finished-at="2026-02-04T07:09:24 IST" duration-ms="1496" status="PASS">
          <reporter-output>
          </reporter-output>
        </test-method> <!-- setup -->
        <test-method is-config="true" signature="setupPage()[pri:0, instance:com.saucedemo.tests.LoginPageTests@5bf0d49]" started-at="2026-02-04T07:09:24 IST" name="setupPage" finished-at="2026-02-04T07:09:24 IST" duration-ms="8" status="PASS">
          <reporter-output>
          </reporter-output>
        </test-method> <!-- setupPage -->
        <test-method signature="TC_LoginPage_010()[pri:0, instance:com.saucedemo.tests.LoginPageTests@5bf0d49]" started-at="2026-02-04T07:09:24 IST" name="TC_LoginPage_010" finished-at="2026-02-04T07:09:24 IST" duration-ms="354" status="PASS">
          <reporter-output>
          </reporter-output>
        </test-method> <!-- TC_LoginPage_010 -->
        <test-method is-config="true" signature="quit()[pri:0, instance:com.saucedemo.tests.LoginPageTests@5bf0d49]" started-at="2026-02-04T07:09:24 IST" name="quit" finished-at="2026-02-04T07:09:25 IST" duration-ms="251" status="PASS">
          <reporter-output>
          </reporter-output>
        </test-method> <!-- quit -->
        <test-method is-config="true" signature="setup()[pri:0, instance:com.saucedemo.tests.LoginPageTests@5bf0d49]" started-at="2026-02-04T07:09:25 IST" name="setup" finished-at="2026-02-04T07:09:26 IST" duration-ms="1482" status="PASS">
          <reporter-output>
          </reporter-output>
        </test-method> <!-- setup -->
        <test-method signature="TC_LoginPage_011()[pri:0, instance:com.saucedemo.tests.LoginPageTests@5bf0d49]" started-at="2026-02-04T07:09:26 IST" name="TC_LoginPage_011" finished-at="2026-02-04T07:09:31 IST" duration-ms="5296" status="PASS">
          <reporter-output>
          </reporter-output>
        </test-method> <!-- TC_LoginPage_011 -->
        <test-method is-config="true" signature="setupPage()[pri:0, instance:com.saucedemo.tests.LoginPageTests@5bf0d49]" started-at="2026-02-04T07:09:26 IST" name="setupPage" finished-at="2026-02-04T07:09:26 IST" duration-ms="0" status="PASS">
          <reporter-output>
          </reporter-output>
        </test-method> <!-- setupPage -->
        <test-method is-config="true" signature="quit()[pri:0, instance:com.saucedemo.tests.LoginPageTests@5bf0d49]" started-at="2026-02-04T07:09:31 IST" name="quit" finished-at="2026-02-04T07:09:32 IST" duration-ms="248" status="PASS">
          <reporter-output>
          </reporter-output>
        </test-method> <!-- quit -->
        <test-method is-config="true" signature="setup()[pri:0, instance:com.saucedemo.tests.LoginPageTests@5bf0d49]" started-at="2026-02-04T07:09:32 IST" name="setup" finished-at="2026-02-04T07:09:33 IST" duration-ms="1493" status="PASS">
          <reporter-output>
          </reporter-output>
        </test-method> <!-- setup -->
        <test-method signature="TC_Login_012()[pri:0, instance:com.saucedemo.tests.LoginPageTests@5bf0d49]" started-at="2026-02-04T07:09:33 IST" name="TC_Login_012" finished-at="2026-02-04T07:09:33 IST" duration-ms="191" status="PASS">
          <reporter-output>
          </reporter-output>
        </test-method> <!-- TC_Login_012 -->
        <test-method is-config="true" signature="setupPage()[pri:0, instance:com.saucedemo.tests.LoginPageTests@5bf0d49]" started-at="2026-02-04T07:09:33 IST" name="setupPage" finished-at="2026-02-04T07:09:33 IST" duration-ms="0" status="PASS">
          <reporter-output>
          </reporter-output>
        </test-method> <!-- setupPage -->
        <test-method is-config="true" signature="quit()[pri:0, instance:com.saucedemo.tests.LoginPageTests@5bf0d49]" started-at="2026-02-04T07:09:33 IST" name="quit" finished-at="2026-02-04T07:09:34 IST" duration-ms="248" status="PASS">
          <reporter-output>
          </reporter-output>
        </test-method> <!-- quit -->
        <test-method is-config="true" signature="setup()[pri:0, instance:com.saucedemo.tests.LoginPageTests@5bf0d49]" started-at="2026-02-04T07:09:34 IST" name="setup" finished-at="2026-02-04T07:09:35 IST" duration-ms="1511" status="PASS">
          <reporter-output>
          </reporter-output>
        </test-method> <!-- setup -->
        <test-method is-config="true" signature="setupPage()[pri:0, instance:com.saucedemo.tests.LoginPageTests@5bf0d49]" started-at="2026-02-04T07:09:35 IST" name="setupPage" finished-at="2026-02-04T07:09:35 IST" duration-ms="1" status="PASS">
          <reporter-output>
          </reporter-output>
        </test-method> <!-- setupPage -->
        <test-method signature="TC_Login_013()[pri:0, instance:com.saucedemo.tests.LoginPageTests@5bf0d49]" started-at="2026-02-04T07:09:35 IST" name="TC_Login_013" finished-at="2026-02-04T07:09:35 IST" duration-ms="114" status="PASS">
          <reporter-output>
          </reporter-output>
        </test-method> <!-- TC_Login_013 -->
        <test-method is-config="true" signature="quit()[pri:0, instance:com.saucedemo.tests.LoginPageTests@5bf0d49]" started-at="2026-02-04T07:09:35 IST" name="quit" finished-at="2026-02-04T07:09:35 IST" duration-ms="222" status="PASS">
          <reporter-output>
          </reporter-output>
        </test-method> <!-- quit -->
        <test-method is-config="true" signature="setup()[pri:0, instance:com.saucedemo.tests.LoginPageTests@5bf0d49]" started-at="2026-02-04T07:09:35 IST" name="setup" finished-at="2026-02-04T07:09:37 IST" duration-ms="1539" status="PASS">
          <reporter-output>
          </reporter-output>
        </test-method> <!-- setup -->
        <test-method signature="TC_Login_014()[pri:0, instance:com.saucedemo.tests.LoginPageTests@5bf0d49]" started-at="2026-02-04T07:09:37 IST" name="TC_Login_014" finished-at="2026-02-04T07:09:37 IST" duration-ms="328" status="PASS">
          <reporter-output>
          </reporter-output>
        </test-method> <!-- TC_Login_014 -->
        <test-method is-config="true" signature="setupPage()[pri:0, instance:com.saucedemo.tests.LoginPageTests@5bf0d49]" started-at="2026-02-04T07:09:37 IST" name="setupPage" finished-at="2026-02-04T07:09:37 IST" duration-ms="0" status="PASS">
          <reporter-output>
          </reporter-output>
        </test-method> <!-- setupPage -->
        <test-method is-config="true" signature="quit()[pri:0, instance:com.saucedemo.tests.LoginPageTests@5bf0d49]" started-at="2026-02-04T07:09:37 IST" name="quit" finished-at="2026-02-04T07:09:37 IST" duration-ms="232" status="PASS">
          <reporter-output>
          </reporter-output>
        </test-method> <!-- quit -->
        <test-method is-config="true" signature="setup()[pri:0, instance:com.saucedemo.tests.LoginPageTests@5bf0d49]" started-at="2026-02-04T07:09:37 IST" name="setup" finished-at="2026-02-04T07:09:39 IST" duration-ms="1554" status="PASS">
          <reporter-output>
          </reporter-output>
        </test-method> <!-- setup -->
        <test-method signature="TC_Login_015()[pri:0, instance:com.saucedemo.tests.LoginPageTests@5bf0d49]" started-at="2026-02-04T07:09:39 IST" name="TC_Login_015" finished-at="2026-02-04T07:09:39 IST" duration-ms="360" status="PASS">
          <reporter-output>
          </reporter-output>
        </test-method> <!-- TC_Login_015 -->
        <test-method is-config="true" signature="setupPage()[pri:0, instance:com.saucedemo.tests.LoginPageTests@5bf0d49]" started-at="2026-02-04T07:09:39 IST" name="setupPage" finished-at="2026-02-04T07:09:39 IST" duration-ms="0" status="PASS">
          <reporter-output>
          </reporter-output>
        </test-method> <!-- setupPage -->
        <test-method is-config="true" signature="quit()[pri:0, instance:com.saucedemo.tests.LoginPageTests@5bf0d49]" started-at="2026-02-04T07:09:39 IST" name="quit" finished-at="2026-02-04T07:09:40 IST" duration-ms="282" status="PASS">
          <reporter-output>
          </reporter-output>
        </test-method> <!-- quit -->
        <test-method is-config="true" signature="setup()[pri:0, instance:com.saucedemo.tests.LoginPageTests@5bf0d49]" started-at="2026-02-04T07:09:40 IST" name="setup" finished-at="2026-02-04T07:09:41 IST" duration-ms="1534" status="PASS">
          <reporter-output>
          </reporter-output>
        </test-method> <!-- setup -->
        <test-method signature="TC_Login_016()[pri:0, instance:com.saucedemo.tests.LoginPageTests@5bf0d49]" started-at="2026-02-04T07:09:41 IST" name="TC_Login_016" finished-at="2026-02-04T07:09:42 IST" duration-ms="654" status="PASS">
          <reporter-output>
          </reporter-output>
        </test-method> <!-- TC_Login_016 -->
        <test-method is-config="true" signature="setupPage()[pri:0, instance:com.saucedemo.tests.LoginPageTests@5bf0d49]" started-at="2026-02-04T07:09:41 IST" name="setupPage" finished-at="2026-02-04T07:09:41 IST" duration-ms="0" status="PASS">
          <reporter-output>
          </reporter-output>
        </test-method> <!-- setupPage -->
        <test-method is-config="true" signature="quit()[pri:0, instance:com.saucedemo.tests.LoginPageTests@5bf0d49]" started-at="2026-02-04T07:09:42 IST" name="quit" finished-at="2026-02-04T07:09:42 IST" duration-ms="239" status="PASS">
          <reporter-output>
          </reporter-output>
        </test-method> <!-- quit -->
        <test-method is-config="true" signature="setup()[pri:0, instance:com.saucedemo.tests.LoginPageTests@5bf0d49]" started-at="2026-02-04T07:09:42 IST" name="setup" finished-at="2026-02-04T07:09:44 IST" duration-ms="1521" status="PASS">
          <reporter-output>
          </reporter-output>
        </test-method> <!-- setup -->
        <test-method signature="TC_Login_017()[pri:0, instance:com.saucedemo.tests.LoginPageTests@5bf0d49]" started-at="2026-02-04T07:09:44 IST" name="TC_Login_017" finished-at="2026-02-04T07:09:44 IST" duration-ms="358" status="PASS">
          <reporter-output>
          </reporter-output>
        </test-method> <!-- TC_Login_017 -->
        <test-method is-config="true" signature="setupPage()[pri:0, instance:com.saucedemo.tests.LoginPageTests@5bf0d49]" started-at="2026-02-04T07:09:44 IST" name="setupPage" finished-at="2026-02-04T07:09:44 IST" duration-ms="0" status="PASS">
          <reporter-output>
          </reporter-output>
        </test-method> <!-- setupPage -->
        <test-method is-config="true" signature="quit()[pri:0, instance:com.saucedemo.tests.LoginPageTests@5bf0d49]" started-at="2026-02-04T07:09:44 IST" name="quit" finished-at="2026-02-04T07:09:44 IST" duration-ms="242" status="PASS">
          <reporter-output>
          </reporter-output>
        </test-method> <!-- quit -->
        <test-method is-config="true" signature="setup()[pri:0, instance:com.saucedemo.tests.LoginPageTests@5bf0d49]" started-at="2026-02-04T07:09:44 IST" name="setup" finished-at="2026-02-04T07:09:46 IST" duration-ms="1505" status="PASS">
          <reporter-output>
          </reporter-output>
        </test-method> <!-- setup -->
        <test-method is-config="true" signature="setupPage()[pri:0, instance:com.saucedemo.tests.LoginPageTests@5bf0d49]" started-at="2026-02-04T07:09:46 IST" name="setupPage" finished-at="2026-02-04T07:09:46 IST" duration-ms="4" status="PASS">
          <reporter-output>
          </reporter-output>
        </test-method> <!-- setupPage -->
        <test-method signature="TC_Login_018()[pri:0, instance:com.saucedemo.tests.LoginPageTests@5bf0d49]" started-at="2026-02-04T07:09:46 IST" name="TC_Login_018" finished-at="2026-02-04T07:09:49 IST" duration-ms="3145" status="PASS">
          <reporter-output>
          </reporter-output>
        </test-method> <!-- TC_Login_018 -->
        <test-method is-config="true" signature="quit()[pri:0, instance:com.saucedemo.tests.LoginPageTests@5bf0d49]" started-at="2026-02-04T07:09:49 IST" name="quit" finished-at="2026-02-04T07:09:49 IST" duration-ms="268" status="PASS">
          <reporter-output>
          </reporter-output>
        </test-method> <!-- quit -->
        <test-method is-config="true" signature="setup()[pri:0, instance:com.saucedemo.tests.LoginPageTests@5bf0d49]" started-at="2026-02-04T07:09:49 IST" name="setup" finished-at="2026-02-04T07:09:51 IST" duration-ms="1515" status="PASS">
          <reporter-output>
          </reporter-output>
        </test-method> <!-- setup -->
        <test-method signature="TC_Login_019()[pri:0, instance:com.saucedemo.tests.LoginPageTests@5bf0d49]" started-at="2026-02-04T07:09:51 IST" name="TC_Login_019" finished-at="2026-02-04T07:09:52 IST" duration-ms="1541" status="PASS">
          <reporter-output>
          </reporter-output>
        </test-method> <!-- TC_Login_019 -->
        <test-method is-config="true" signature="setupPage()[pri:0, instance:com.saucedemo.tests.LoginPageTests@5bf0d49]" started-at="2026-02-04T07:09:51 IST" name="setupPage" finished-at="2026-02-04T07:09:51 IST" duration-ms="0" status="PASS">
          <reporter-output>
          </reporter-output>
        </test-method> <!-- setupPage -->
        <test-method is-config="true" signature="quit()[pri:0, instance:com.saucedemo.tests.LoginPageTests@5bf0d49]" started-at="2026-02-04T07:09:52 IST" name="quit" finished-at="2026-02-04T07:09:52 IST" duration-ms="224" status="PASS">
          <reporter-output>
          </reporter-output>
        </test-method> <!-- quit -->
      </class> <!-- com.saucedemo.tests.LoginPageTests -->
    </test> <!-- Default test -->
  </suite> <!-- Default suite -->
</testng-results>
