<?xml version="1.0" encoding="UTF-8"?>
<testng-results ignored="0" total="19" passed="19" failed="0" skipped="0">
  <reporter-output>
  </reporter-output>
  <suite started-at="2026-03-21T21:33:24 IST" name="Default suite" finished-at="2026-03-21T21:36:29 IST" duration-ms="184572">
    <groups>
    </groups>
    <test started-at="2026-03-21T21:33:24 IST" name="Default test" finished-at="2026-03-21T21:36:29 IST" duration-ms="184572">
      <class name="com.saucedemo.tests.LoginPageTests">
        <test-method is-config="true" signature="setup()[pri:0, instance:com.saucedemo.tests.LoginPageTests@5bf0d49]" started-at="2026-03-21T21:33:24 IST" name="setup" finished-at="2026-03-21T21:34:54 IST" duration-ms="89308" status="PASS">
          <reporter-output>
          </reporter-output>
        </test-method> <!-- setup -->
        <test-method is-config="true" signature="setupPage()[pri:0, instance:com.saucedemo.tests.LoginPageTests@5bf0d49]" started-at="2026-03-21T21:34:54 IST" name="setupPage" finished-at="2026-03-21T21:34:54 IST" duration-ms="29" status="PASS">
          <reporter-output>
          </reporter-output>
        </test-method> <!-- setupPage -->
        <test-method signature="TC_LoginPage_001()[pri:0, instance:com.saucedemo.tests.LoginPageTests@5bf0d49]" started-at="2026-03-21T21:34:54 IST" name="TC_LoginPage_001" finished-at="2026-03-21T21:34:54 IST" duration-ms="609" status="PASS">
          <reporter-output>
          </reporter-output>
        </test-method> <!-- TC_LoginPage_001 -->
        <test-method is-config="true" signature="quit()[pri:0, instance:com.saucedemo.tests.LoginPageTests@5bf0d49]" started-at="2026-03-21T21:34:54 IST" name="quit" finished-at="2026-03-21T21:34:55 IST" duration-ms="415" status="PASS">
          <reporter-output>
          </reporter-output>
        </test-method> <!-- quit -->
        <test-method is-config="true" signature="setup()[pri:0, instance:com.saucedemo.tests.LoginPageTests@5bf0d49]" started-at="2026-03-21T21:34:55 IST" name="setup" finished-at="2026-03-21T21:34:59 IST" duration-ms="4733" status="PASS">
          <reporter-output>
          </reporter-output>
        </test-method> <!-- setup -->
        <test-method is-config="true" signature="setupPage()[pri:0, instance:com.saucedemo.tests.LoginPageTests@5bf0d49]" started-at="2026-03-21T21:34:59 IST" name="setupPage" finished-at="2026-03-21T21:34:59 IST" duration-ms="0" status="PASS">
          <reporter-output>
          </reporter-output>
        </test-method> <!-- setupPage -->
        <test-method signature="TC_LoginPage_002()[pri:0, instance:com.saucedemo.tests.LoginPageTests@5bf0d49]" started-at="2026-03-21T21:34:59 IST" name="TC_LoginPage_002" finished-at="2026-03-21T21:35:00 IST" duration-ms="583" status="PASS">
          <reporter-output>
          </reporter-output>
        </test-method> <!-- TC_LoginPage_002 -->
        <test-method is-config="true" signature="quit()[pri:0, instance:com.saucedemo.tests.LoginPageTests@5bf0d49]" started-at="2026-03-21T21:35:00 IST" name="quit" finished-at="2026-03-21T21:35:00 IST" duration-ms="384" status="PASS">
          <reporter-output>
          </reporter-output>
        </test-method> <!-- quit -->
        <test-method is-config="true" signature="setup()[pri:0, instance:com.saucedemo.tests.LoginPageTests@5bf0d49]" started-at="2026-03-21T21:35:00 IST" name="setup" finished-at="2026-03-21T21:35:06 IST" duration-ms="5454" status="PASS">
          <reporter-output>
          </reporter-output>
        </test-method> <!-- setup -->
        <test-method is-config="true" signature="setupPage()[pri:0, instance:com.saucedemo.tests.LoginPageTests@5bf0d49]" started-at="2026-03-21T21:35:06 IST" name="setupPage" finished-at="2026-03-21T21:35:06 IST" duration-ms="1" status="PASS">
          <reporter-output>
          </reporter-output>
        </test-method> <!-- setupPage -->
        <test-method signature="TC_LoginPage_003()[pri:0, instance:com.saucedemo.tests.LoginPageTests@5bf0d49]" started-at="2026-03-21T21:35:06 IST" name="TC_LoginPage_003" finished-at="2026-03-21T21:35:06 IST" duration-ms="551" status="PASS">
          <reporter-output>
          </reporter-output>
        </test-method> <!-- TC_LoginPage_003 -->
        <test-method is-config="true" signature="quit()[pri:0, instance:com.saucedemo.tests.LoginPageTests@5bf0d49]" started-at="2026-03-21T21:35:06 IST" name="quit" finished-at="2026-03-21T21:35:07 IST" duration-ms="406" status="PASS">
          <reporter-output>
          </reporter-output>
        </test-method> <!-- quit -->
        <test-method is-config="true" signature="setup()[pri:0, instance:com.saucedemo.tests.LoginPageTests@5bf0d49]" started-at="2026-03-21T21:35:07 IST" name="setup" finished-at="2026-03-21T21:35:10 IST" duration-ms="3323" status="PASS">
          <reporter-output>
          </reporter-output>
        </test-method> <!-- setup -->
        <test-method is-config="true" signature="setupPage()[pri:0, instance:com.saucedemo.tests.LoginPageTests@5bf0d49]" started-at="2026-03-21T21:35:10 IST" name="setupPage" finished-at="2026-03-21T21:35:10 IST" duration-ms="2" status="PASS">
          <reporter-output>
          </reporter-output>
        </test-method> <!-- setupPage -->
        <test-method signature="TC_LoginPage_004()[pri:0, instance:com.saucedemo.tests.LoginPageTests@5bf0d49]" started-at="2026-03-21T21:35:10 IST" name="TC_LoginPage_004" finished-at="2026-03-21T21:35:11 IST" duration-ms="518" status="PASS">
          <reporter-output>
          </reporter-output>
        </test-method> <!-- TC_LoginPage_004 -->
        <test-method is-config="true" signature="quit()[pri:0, instance:com.saucedemo.tests.LoginPageTests@5bf0d49]" started-at="2026-03-21T21:35:11 IST" name="quit" finished-at="2026-03-21T21:35:11 IST" duration-ms="386" status="PASS">
          <reporter-output>
          </reporter-output>
        </test-method> <!-- quit -->
        <test-method is-config="true" signature="setup()[pri:0, instance:com.saucedemo.tests.LoginPageTests@5bf0d49]" started-at="2026-03-21T21:35:11 IST" name="setup" finished-at="2026-03-21T21:35:15 IST" duration-ms="3567" status="PASS">
          <reporter-output>
          </reporter-output>
        </test-method> <!-- setup -->
        <test-method is-config="true" signature="setupPage()[pri:0, instance:com.saucedemo.tests.LoginPageTests@5bf0d49]" started-at="2026-03-21T21:35:15 IST" name="setupPage" finished-at="2026-03-21T21:35:15 IST" duration-ms="1" status="PASS">
          <reporter-output>
          </reporter-output>
        </test-method> <!-- setupPage -->
        <test-method signature="TC_LoginPage_005()[pri:0, instance:com.saucedemo.tests.LoginPageTests@5bf0d49]" started-at="2026-03-21T21:35:15 IST" name="TC_LoginPage_005" finished-at="2026-03-21T21:35:15 IST" duration-ms="470" status="PASS">
          <reporter-output>
          </reporter-output>
        </test-method> <!-- TC_LoginPage_005 -->
        <test-method is-config="true" signature="quit()[pri:0, instance:com.saucedemo.tests.LoginPageTests@5bf0d49]" started-at="2026-03-21T21:35:15 IST" name="quit" finished-at="2026-03-21T21:35:15 IST" duration-ms="337" status="PASS">
          <reporter-output>
          </reporter-output>
        </test-method> <!-- quit -->
        <test-method is-config="true" signature="setup()[pri:0, instance:com.saucedemo.tests.LoginPageTests@5bf0d49]" started-at="2026-03-21T21:35:15 IST" name="setup" finished-at="2026-03-21T21:35:18 IST" duration-ms="2864" status="PASS">
          <reporter-output>
          </reporter-output>
        </test-method> <!-- setup -->
        <test-method signature="TC_LoginPage_006()[pri:0, instance:com.saucedemo.tests.LoginPageTests@5bf0d49]" started-at="2026-03-21T21:35:18 IST" name="TC_LoginPage_006" finished-at="2026-03-21T21:35:19 IST" duration-ms="368" status="PASS">
          <reporter-output>
          </reporter-output>
        </test-method> <!-- TC_LoginPage_006 -->
        <test-method is-config="true" signature="setupPage()[pri:0, instance:com.saucedemo.tests.LoginPageTests@5bf0d49]" started-at="2026-03-21T21:35:18 IST" name="setupPage" finished-at="2026-03-21T21:35:18 IST" duration-ms="0" status="PASS">
          <reporter-output>
          </reporter-output>
        </test-method> <!-- setupPage -->
        <test-method is-config="true" signature="quit()[pri:0, instance:com.saucedemo.tests.LoginPageTests@5bf0d49]" started-at="2026-03-21T21:35:19 IST" name="quit" finished-at="2026-03-21T21:35:19 IST" duration-ms="336" status="PASS">
          <reporter-output>
          </reporter-output>
        </test-method> <!-- quit -->
        <test-method is-config="true" signature="setup()[pri:0, instance:com.saucedemo.tests.LoginPageTests@5bf0d49]" started-at="2026-03-21T21:35:19 IST" name="setup" finished-at="2026-03-21T21:35:21 IST" duration-ms="2427" status="PASS">
          <reporter-output>
          </reporter-output>
        </test-method> <!-- setup -->
        <test-method is-config="true" signature="setupPage()[pri:0, instance:com.saucedemo.tests.LoginPageTests@5bf0d49]" started-at="2026-03-21T21:35:21 IST" name="setupPage" finished-at="2026-03-21T21:35:21 IST" duration-ms="2" status="PASS">
          <reporter-output>
          </reporter-output>
        </test-method> <!-- setupPage -->
        <test-method signature="TC_LoginPage_007()[pri:0, instance:com.saucedemo.tests.LoginPageTests@5bf0d49]" started-at="2026-03-21T21:35:21 IST" name="TC_LoginPage_007" finished-at="2026-03-21T21:35:22 IST" duration-ms="1066" status="PASS">
          <reporter-output>
          </reporter-output>
        </test-method> <!-- TC_LoginPage_007 -->
        <test-method is-config="true" signature="quit()[pri:0, instance:com.saucedemo.tests.LoginPageTests@5bf0d49]" started-at="2026-03-21T21:35:22 IST" name="quit" finished-at="2026-03-21T21:35:23 IST" duration-ms="562" status="PASS">
          <reporter-output>
          </reporter-output>
        </test-method> <!-- quit -->
        <test-method is-config="true" signature="setup()[pri:0, instance:com.saucedemo.tests.LoginPageTests@5bf0d49]" started-at="2026-03-21T21:35:23 IST" name="setup" finished-at="2026-03-21T21:35:26 IST" duration-ms="2695" status="PASS">
          <reporter-output>
          </reporter-output>
        </test-method> <!-- setup -->
        <test-method is-config="true" signature="setupPage()[pri:0, instance:com.saucedemo.tests.LoginPageTests@5bf0d49]" started-at="2026-03-21T21:35:26 IST" name="setupPage" finished-at="2026-03-21T21:35:26 IST" duration-ms="1" status="PASS">
          <reporter-output>
          </reporter-output>
        </test-method> <!-- setupPage -->
        <test-method signature="TC_LoginPage_008()[pri:0, instance:com.saucedemo.tests.LoginPageTests@5bf0d49]" started-at="2026-03-21T21:35:26 IST" name="TC_LoginPage_008" finished-at="2026-03-21T21:35:26 IST" duration-ms="310" status="PASS">
          <reporter-output>
          </reporter-output>
        </test-method> <!-- TC_LoginPage_008 -->
        <test-method is-config="true" signature="quit()[pri:0, instance:com.saucedemo.tests.LoginPageTests@5bf0d49]" started-at="2026-03-21T21:35:26 IST" name="quit" finished-at="2026-03-21T21:35:26 IST" duration-ms="281" status="PASS">
          <reporter-output>
          </reporter-output>
        </test-method> <!-- quit -->
        <test-method is-config="true" signature="setup()[pri:0, instance:com.saucedemo.tests.LoginPageTests@5bf0d49]" started-at="2026-03-21T21:35:26 IST" name="setup" finished-at="2026-03-21T21:35:31 IST" duration-ms="4489" status="PASS">
          <reporter-output>
          </reporter-output>
        </test-method> <!-- setup -->
        <test-method signature="TC_LoginPage_009()[pri:0, instance:com.saucedemo.tests.LoginPageTests@5bf0d49]" started-at="2026-03-21T21:35:31 IST" name="TC_LoginPage_009" finished-at="2026-03-21T21:35:31 IST" duration-ms="535" status="PASS">
          <reporter-output>
          </reporter-output>
        </test-method> <!-- TC_LoginPage_009 -->
        <test-method is-config="true" signature="setupPage()[pri:0, instance:com.saucedemo.tests.LoginPageTests@5bf0d49]" started-at="2026-03-21T21:35:31 IST" name="setupPage" finished-at="2026-03-21T21:35:31 IST" duration-ms="0" status="PASS">
          <reporter-output>
          </reporter-output>
        </test-method> <!-- setupPage -->
        <test-method is-config="true" signature="quit()[pri:0, instance:com.saucedemo.tests.LoginPageTests@5bf0d49]" started-at="2026-03-21T21:35:31 IST" name="quit" finished-at="2026-03-21T21:35:32 IST" duration-ms="392" status="PASS">
          <reporter-output>
          </reporter-output>
        </test-method> <!-- quit -->
        <test-method is-config="true" signature="setup()[pri:0, instance:com.saucedemo.tests.LoginPageTests@5bf0d49]" started-at="2026-03-21T21:35:32 IST" name="setup" finished-at="2026-03-21T21:35:35 IST" duration-ms="2812" status="PASS">
          <reporter-output>
          </reporter-output>
        </test-method> <!-- setup -->
        <test-method is-config="true" signature="setupPage()[pri:0, instance:com.saucedemo.tests.LoginPageTests@5bf0d49]" started-at="2026-03-21T21:35:35 IST" name="setupPage" finished-at="2026-03-21T21:35:35 IST" duration-ms="4" status="PASS">
          <reporter-output>
          </reporter-output>
        </test-method> <!-- setupPage -->
        <test-method signature="TC_LoginPage_010()[pri:0, instance:com.saucedemo.tests.LoginPageTests@5bf0d49]" started-at="2026-03-21T21:35:35 IST" name="TC_LoginPage_010" finished-at="2026-03-21T21:35:35 IST" duration-ms="434" status="PASS">
          <reporter-output>
          </reporter-output>
        </test-method> <!-- TC_LoginPage_010 -->
        <test-method is-config="true" signature="quit()[pri:0, instance:com.saucedemo.tests.LoginPageTests@5bf0d49]" started-at="2026-03-21T21:35:35 IST" name="quit" finished-at="2026-03-21T21:35:35 IST" duration-ms="357" status="PASS">
          <reporter-output>
          </reporter-output>
        </test-method> <!-- quit -->
        <test-method is-config="true" signature="setup()[pri:0, instance:com.saucedemo.tests.LoginPageTests@5bf0d49]" started-at="2026-03-21T21:35:35 IST" name="setup" finished-at="2026-03-21T21:35:38 IST" duration-ms="2165" status="PASS">
          <reporter-output>
          </reporter-output>
        </test-method> <!-- setup -->
        <test-method signature="TC_LoginPage_011()[pri:0, instance:com.saucedemo.tests.LoginPageTests@5bf0d49]" started-at="2026-03-21T21:35:38 IST" name="TC_LoginPage_011" finished-at="2026-03-21T21:35:48 IST" duration-ms="10176" status="PASS">
          <reporter-output>
          </reporter-output>
        </test-method> <!-- TC_LoginPage_011 -->
        <test-method is-config="true" signature="setupPage()[pri:0, instance:com.saucedemo.tests.LoginPageTests@5bf0d49]" started-at="2026-03-21T21:35:38 IST" name="setupPage" finished-at="2026-03-21T21:35:38 IST" duration-ms="0" status="PASS">
          <reporter-output>
          </reporter-output>
        </test-method> <!-- setupPage -->
        <test-method is-config="true" signature="quit()[pri:0, instance:com.saucedemo.tests.LoginPageTests@5bf0d49]" started-at="2026-03-21T21:35:48 IST" name="quit" finished-at="2026-03-21T21:35:48 IST" duration-ms="376" status="PASS">
          <reporter-output>
          </reporter-output>
        </test-method> <!-- quit -->
        <test-method is-config="true" signature="setup()[pri:0, instance:com.saucedemo.tests.LoginPageTests@5bf0d49]" started-at="2026-03-21T21:35:48 IST" name="setup" finished-at="2026-03-21T21:35:51 IST" duration-ms="3262" status="PASS">
          <reporter-output>
          </reporter-output>
        </test-method> <!-- setup -->
        <test-method signature="TC_Login_012()[pri:0, instance:com.saucedemo.tests.LoginPageTests@5bf0d49]" started-at="2026-03-21T21:35:51 IST" name="TC_Login_012" finished-at="2026-03-21T21:35:52 IST" duration-ms="287" status="PASS">
          <reporter-output>
          </reporter-output>
        </test-method> <!-- TC_Login_012 -->
        <test-method is-config="true" signature="setupPage()[pri:0, instance:com.saucedemo.tests.LoginPageTests@5bf0d49]" started-at="2026-03-21T21:35:51 IST" name="setupPage" finished-at="2026-03-21T21:35:51 IST" duration-ms="0" status="PASS">
          <reporter-output>
          </reporter-output>
        </test-method> <!-- setupPage -->
        <test-method is-config="true" signature="quit()[pri:0, instance:com.saucedemo.tests.LoginPageTests@5bf0d49]" started-at="2026-03-21T21:35:52 IST" name="quit" finished-at="2026-03-21T21:35:52 IST" duration-ms="325" status="PASS">
          <reporter-output>
          </reporter-output>
        </test-method> <!-- quit -->
        <test-method is-config="true" signature="setup()[pri:0, instance:com.saucedemo.tests.LoginPageTests@5bf0d49]" started-at="2026-03-21T21:35:52 IST" name="setup" finished-at="2026-03-21T21:35:54 IST" duration-ms="2151" status="PASS">
          <reporter-output>
          </reporter-output>
        </test-method> <!-- setup -->
        <test-method signature="TC_Login_013()[pri:0, instance:com.saucedemo.tests.LoginPageTests@5bf0d49]" started-at="2026-03-21T21:35:54 IST" name="TC_Login_013" finished-at="2026-03-21T21:35:54 IST" duration-ms="129" status="PASS">
          <reporter-output>
          </reporter-output>
        </test-method> <!-- TC_Login_013 -->
        <test-method is-config="true" signature="setupPage()[pri:0, instance:com.saucedemo.tests.LoginPageTests@5bf0d49]" started-at="2026-03-21T21:35:54 IST" name="setupPage" finished-at="2026-03-21T21:35:54 IST" duration-ms="0" status="PASS">
          <reporter-output>
          </reporter-output>
        </test-method> <!-- setupPage -->
        <test-method is-config="true" signature="quit()[pri:0, instance:com.saucedemo.tests.LoginPageTests@5bf0d49]" started-at="2026-03-21T21:35:54 IST" name="quit" finished-at="2026-03-21T21:35:55 IST" duration-ms="266" status="PASS">
          <reporter-output>
          </reporter-output>
        </test-method> <!-- quit -->
        <test-method is-config="true" signature="setup()[pri:0, instance:com.saucedemo.tests.LoginPageTests@5bf0d49]" started-at="2026-03-21T21:35:55 IST" name="setup" finished-at="2026-03-21T21:36:00 IST" duration-ms="5041" status="PASS">
          <reporter-output>
          </reporter-output>
        </test-method> <!-- setup -->
        <test-method signature="TC_Login_014()[pri:0, instance:com.saucedemo.tests.LoginPageTests@5bf0d49]" started-at="2026-03-21T21:36:00 IST" name="TC_Login_014" finished-at="2026-03-21T21:36:00 IST" duration-ms="592" status="PASS">
          <reporter-output>
          </reporter-output>
        </test-method> <!-- TC_Login_014 -->
        <test-method is-config="true" signature="setupPage()[pri:0, instance:com.saucedemo.tests.LoginPageTests@5bf0d49]" started-at="2026-03-21T21:36:00 IST" name="setupPage" finished-at="2026-03-21T21:36:00 IST" duration-ms="0" status="PASS">
          <reporter-output>
          </reporter-output>
        </test-method> <!-- setupPage -->
        <test-method is-config="true" signature="quit()[pri:0, instance:com.saucedemo.tests.LoginPageTests@5bf0d49]" started-at="2026-03-21T21:36:00 IST" name="quit" finished-at="2026-03-21T21:36:01 IST" duration-ms="398" status="PASS">
          <reporter-output>
          </reporter-output>
        </test-method> <!-- quit -->
        <test-method is-config="true" signature="setup()[pri:0, instance:com.saucedemo.tests.LoginPageTests@5bf0d49]" started-at="2026-03-21T21:36:01 IST" name="setup" finished-at="2026-03-21T21:36:05 IST" duration-ms="4005" status="PASS">
          <reporter-output>
          </reporter-output>
        </test-method> <!-- setup -->
        <test-method signature="TC_Login_015()[pri:0, instance:com.saucedemo.tests.LoginPageTests@5bf0d49]" started-at="2026-03-21T21:36:05 IST" name="TC_Login_015" finished-at="2026-03-21T21:36:05 IST" duration-ms="633" status="PASS">
          <reporter-output>
          </reporter-output>
        </test-method> <!-- TC_Login_015 -->
        <test-method is-config="true" signature="setupPage()[pri:0, instance:com.saucedemo.tests.LoginPageTests@5bf0d49]" started-at="2026-03-21T21:36:05 IST" name="setupPage" finished-at="2026-03-21T21:36:05 IST" duration-ms="0" status="PASS">
          <reporter-output>
          </reporter-output>
        </test-method> <!-- setupPage -->
        <test-method is-config="true" signature="quit()[pri:0, instance:com.saucedemo.tests.LoginPageTests@5bf0d49]" started-at="2026-03-21T21:36:05 IST" name="quit" finished-at="2026-03-21T21:36:06 IST" duration-ms="451" status="PASS">
          <reporter-output>
          </reporter-output>
        </test-method> <!-- quit -->
        <test-method is-config="true" signature="setup()[pri:0, instance:com.saucedemo.tests.LoginPageTests@5bf0d49]" started-at="2026-03-21T21:36:06 IST" name="setup" finished-at="2026-03-21T21:36:09 IST" duration-ms="3231" status="PASS">
          <reporter-output>
          </reporter-output>
        </test-method> <!-- setup -->
        <test-method signature="TC_Login_016()[pri:0, instance:com.saucedemo.tests.LoginPageTests@5bf0d49]" started-at="2026-03-21T21:36:09 IST" name="TC_Login_016" finished-at="2026-03-21T21:36:11 IST" duration-ms="2328" status="PASS">
          <reporter-output>
          </reporter-output>
        </test-method> <!-- TC_Login_016 -->
        <test-method is-config="true" signature="setupPage()[pri:0, instance:com.saucedemo.tests.LoginPageTests@5bf0d49]" started-at="2026-03-21T21:36:09 IST" name="setupPage" finished-at="2026-03-21T21:36:09 IST" duration-ms="0" status="PASS">
          <reporter-output>
          </reporter-output>
        </test-method> <!-- setupPage -->
        <test-method is-config="true" signature="quit()[pri:0, instance:com.saucedemo.tests.LoginPageTests@5bf0d49]" started-at="2026-03-21T21:36:11 IST" name="quit" finished-at="2026-03-21T21:36:12 IST" duration-ms="419" status="PASS">
          <reporter-output>
          </reporter-output>
        </test-method> <!-- quit -->
        <test-method is-config="true" signature="setup()[pri:0, instance:com.saucedemo.tests.LoginPageTests@5bf0d49]" started-at="2026-03-21T21:36:12 IST" name="setup" finished-at="2026-03-21T21:36:15 IST" duration-ms="3197" status="PASS">
          <reporter-output>
          </reporter-output>
        </test-method> <!-- setup -->
        <test-method is-config="true" signature="setupPage()[pri:0, instance:com.saucedemo.tests.LoginPageTests@5bf0d49]" started-at="2026-03-21T21:36:15 IST" name="setupPage" finished-at="2026-03-21T21:36:15 IST" duration-ms="2" status="PASS">
          <reporter-output>
          </reporter-output>
        </test-method> <!-- setupPage -->
        <test-method signature="TC_Login_017()[pri:0, instance:com.saucedemo.tests.LoginPageTests@5bf0d49]" started-at="2026-03-21T21:36:15 IST" name="TC_Login_017" finished-at="2026-03-21T21:36:15 IST" duration-ms="611" status="PASS">
          <reporter-output>
          </reporter-output>
        </test-method> <!-- TC_Login_017 -->
        <test-method is-config="true" signature="quit()[pri:0, instance:com.saucedemo.tests.LoginPageTests@5bf0d49]" started-at="2026-03-21T21:36:15 IST" name="quit" finished-at="2026-03-21T21:36:16 IST" duration-ms="333" status="PASS">
          <reporter-output>
          </reporter-output>
        </test-method> <!-- quit -->
        <test-method is-config="true" signature="setup()[pri:0, instance:com.saucedemo.tests.LoginPageTests@5bf0d49]" started-at="2026-03-21T21:36:16 IST" name="setup" finished-at="2026-03-21T21:36:20 IST" duration-ms="4218" status="PASS">
          <reporter-output>
          </reporter-output>
        </test-method> <!-- setup -->
        <test-method signature="TC_Login_018()[pri:0, instance:com.saucedemo.tests.LoginPageTests@5bf0d49]" started-at="2026-03-21T21:36:20 IST" name="TC_Login_018" finished-at="2026-03-21T21:36:23 IST" duration-ms="3497" status="PASS">
          <reporter-output>
          </reporter-output>
        </test-method> <!-- TC_Login_018 -->
        <test-method is-config="true" signature="setupPage()[pri:0, instance:com.saucedemo.tests.LoginPageTests@5bf0d49]" started-at="2026-03-21T21:36:20 IST" name="setupPage" finished-at="2026-03-21T21:36:20 IST" duration-ms="0" status="PASS">
          <reporter-output>
          </reporter-output>
        </test-method> <!-- setupPage -->
        <test-method is-config="true" signature="quit()[pri:0, instance:com.saucedemo.tests.LoginPageTests@5bf0d49]" started-at="2026-03-21T21:36:23 IST" name="quit" finished-at="2026-03-21T21:36:24 IST" duration-ms="492" status="PASS">
          <reporter-output>
          </reporter-output>
        </test-method> <!-- quit -->
        <test-method is-config="true" signature="setup()[pri:0, instance:com.saucedemo.tests.LoginPageTests@5bf0d49]" started-at="2026-03-21T21:36:24 IST" name="setup" finished-at="2026-03-21T21:36:26 IST" duration-ms="1557" status="PASS">
          <reporter-output>
          </reporter-output>
        </test-method> <!-- setup -->
        <test-method is-config="true" signature="setupPage()[pri:0, instance:com.saucedemo.tests.LoginPageTests@5bf0d49]" started-at="2026-03-21T21:36:26 IST" name="setupPage" finished-at="2026-03-21T21:36:26 IST" duration-ms="0" status="PASS">
          <reporter-output>
          </reporter-output>
        </test-method> <!-- setupPage -->
        <test-method signature="TC_Login_019()[pri:0, instance:com.saucedemo.tests.LoginPageTests@5bf0d49]" started-at="2026-03-21T21:36:26 IST" name="TC_Login_019" finished-at="2026-03-21T21:36:28 IST" duration-ms="2826" status="PASS">
          <reporter-output>
          </reporter-output>
        </test-method> <!-- TC_Login_019 -->
        <test-method is-config="true" signature="quit()[pri:0, instance:com.saucedemo.tests.LoginPageTests@5bf0d49]" started-at="2026-03-21T21:36:28 IST" name="quit" finished-at="2026-03-21T21:36:29 IST" duration-ms="448" status="PASS">
          <reporter-output>
          </reporter-output>
        </test-method> <!-- quit -->
      </class> <!-- com.saucedemo.tests.LoginPageTests -->
    </test> <!-- Default test -->
  </suite> <!-- Default suite -->
</testng-results>
