<?xml version="1.0" encoding="UTF-8"?>
<!-- Generated by org.testng.reporters.JUnitXMLReporter -->
<testsuite ignored="0" hostname="Chinmay" failures="0" tests="19" name="Default test" time="76.012" errors="0" timestamp="2026-02-05T08:05:39 IST">
  <testcase classname="com.saucedemo.tests.LoginPageTests" name="TC_LoginPage_001" time="0.614"/>
  <testcase classname="com.saucedemo.tests.LoginPageTests" name="TC_LoginPage_002" time="0.513"/>
  <testcase classname="com.saucedemo.tests.LoginPageTests" name="TC_LoginPage_003" time="0.453"/>
  <testcase classname="com.saucedemo.tests.LoginPageTests" name="TC_LoginPage_004" time="0.347"/>
  <testcase classname="com.saucedemo.tests.LoginPageTests" name="TC_LoginPage_005" time="0.338"/>
  <testcase classname="com.saucedemo.tests.LoginPageTests" name="TC_LoginPage_006" time="0.319"/>
  <testcase classname="com.saucedemo.tests.LoginPageTests" name="TC_LoginPage_007" time="0.332"/>
  <testcase classname="com.saucedemo.tests.LoginPageTests" name="TC_LoginPage_008" time="0.31"/>
  <testcase classname="com.saucedemo.tests.LoginPageTests" name="TC_LoginPage_009" time="0.32"/>
  <testcase classname="com.saucedemo.tests.LoginPageTests" name="TC_LoginPage_010" time="0.331"/>
  <testcase classname="com.saucedemo.tests.LoginPageTests" name="TC_LoginPage_011" time="5.502"/>
  <testcase classname="com.saucedemo.tests.LoginPageTests" name="TC_Login_012" time="0.232"/>
  <testcase classname="com.saucedemo.tests.LoginPageTests" name="TC_Login_013" time="0.129"/>
  <testcase classname="com.saucedemo.tests.LoginPageTests" name="TC_Login_014" time="0.467"/>
  <testcase classname="com.saucedemo.tests.LoginPageTests" name="TC_Login_015" time="0.478"/>
  <testcase classname="com.saucedemo.tests.LoginPageTests" name="TC_Login_016" time="0.927"/>
  <testcase classname="com.saucedemo.tests.LoginPageTests" name="TC_Login_017" time="0.546"/>
  <testcase classname="com.saucedemo.tests.LoginPageTests" name="TC_Login_018" time="3.294"/>
  <testcase classname="com.saucedemo.tests.LoginPageTests" name="TC_Login_019" time="1.681"/>
</testsuite> <!-- Default test -->
