<?xml version="1.0" encoding="UTF-8"?>
<!-- Generated by org.testng.reporters.JUnitXMLReporter -->
<testsuite ignored="10" hostname="Chinmay" failures="0" tests="1" name="Default test" time="11.114" errors="0" timestamp="2026-01-20T21:22:49 IST">
  <testcase classname="com.saucedemo.tests.LoginPageTests" name="Tc_LoginPage_011" time="7.438"/>
  <testcase classname="com.saucedemo.tests.LoginPageTests" name="TC_LoginPage_007" time="0.0">
    <ignored/>
  </testcase> <!-- TC_LoginPage_007 -->
  <testcase classname="com.saucedemo.tests.LoginPageTests" name="Tc_LoginPage_010" time="0.0">
    <ignored/>
  </testcase> <!-- Tc_LoginPage_010 -->
  <testcase classname="com.saucedemo.tests.LoginPageTests" name="TC_LoginPage_001" time="0.0">
    <ignored/>
  </testcase> <!-- TC_LoginPage_001 -->
  <testcase classname="com.saucedemo.tests.LoginPageTests" name="Tc_LoginPage_009" time="0.0">
    <ignored/>
  </testcase> <!-- Tc_LoginPage_009 -->
  <testcase classname="com.saucedemo.tests.LoginPageTests" name="TC_LoginPage_002" time="0.0">
    <ignored/>
  </testcase> <!-- TC_LoginPage_002 -->
  <testcase classname="com.saucedemo.tests.LoginPageTests" name="Tc_LoginPage_008" time="0.0">
    <ignored/>
  </testcase> <!-- Tc_LoginPage_008 -->
  <testcase classname="com.saucedemo.tests.LoginPageTests" name="TC_LoginPage_005" time="0.0">
    <ignored/>
  </testcase> <!-- TC_LoginPage_005 -->
  <testcase classname="com.saucedemo.tests.LoginPageTests" name="TC_LoginPage_006" time="0.0">
    <ignored/>
  </testcase> <!-- TC_LoginPage_006 -->
  <testcase classname="com.saucedemo.tests.LoginPageTests" name="TC_LoginPage_003" time="0.0">
    <ignored/>
  </testcase> <!-- TC_LoginPage_003 -->
  <testcase classname="com.saucedemo.tests.LoginPageTests" name="TC_LoginPage_004" time="0.0">
    <ignored/>
  </testcase> <!-- TC_LoginPage_004 -->
</testsuite> <!-- Default test -->
