<?xml version="1.0" encoding="UTF-8"?>
<!-- Generated by org.testng.reporters.JUnitReportReporter -->
<testsuite hostname="Chinmay" failures="0" tests="19" name="com.saucedemo.tests.LoginPageTests" time="184.428" errors="0" timestamp="2026-03-21T21:36:29 IST" skipped="0">
  <testcase classname="com.saucedemo.tests.LoginPageTests" name="TC_LoginPage_001" time="4.331"/>
  <testcase classname="com.saucedemo.tests.LoginPageTests" name="TC_LoginPage_010" time="4.385"/>
  <testcase classname="com.saucedemo.tests.LoginPageTests" name="TC_Login_016" time="8.168"/>
  <testcase classname="com.saucedemo.tests.LoginPageTests" name="TC_LoginPage_009" time="3.680"/>
  <testcase classname="com.saucedemo.tests.LoginPageTests" name="TC_LoginPage_011" time="12.748"/>
  <testcase classname="com.saucedemo.tests.LoginPageTests" name="TC_Login_018" time="8.794"/>
  <testcase classname="com.saucedemo.tests.LoginPageTests" name="TC_LoginPage_008" time="4.796"/>
  <testcase classname="com.saucedemo.tests.LoginPageTests" name="TC_LoginPage_004" time="3.663"/>
  <testcase classname="com.saucedemo.tests.LoginPageTests" name="TC_LoginPage_006" time="4.078"/>
  <testcase classname="com.saucedemo.tests.LoginPageTests" name="TC_Login_015" time="4.315"/>
  <testcase classname="com.saucedemo.tests.LoginPageTests" name="TC_Login_012" time="2.859"/>
  <testcase classname="com.saucedemo.tests.LoginPageTests" name="TC_Login_013" time="4.526"/>
  <testcase classname="com.saucedemo.tests.LoginPageTests" name="TC_LoginPage_007" time="3.818"/>
  <testcase classname="com.saucedemo.tests.LoginPageTests" name="TC_LoginPage_003" time="5.430"/>
  <testcase classname="com.saucedemo.tests.LoginPageTests" name="TC_Login_019" time="4.799"/>
  <testcase classname="com.saucedemo.tests.LoginPageTests" name="TC_Login_014" time="6.009"/>
  <testcase classname="com.saucedemo.tests.LoginPageTests" name="TC_LoginPage_005" time="3.502"/>
  <testcase classname="com.saucedemo.tests.LoginPageTests" name="TC_Login_017" time="90.255"/>
  <testcase classname="com.saucedemo.tests.LoginPageTests" name="TC_LoginPage_002" time="4.272"/>
</testsuite> <!-- com.saucedemo.tests.LoginPageTests -->
