<?xml version="1.0" encoding="UTF-8"?>
<!-- Generated by org.testng.reporters.JUnitReportReporter -->
<testsuite hostname="Chinmay" failures="0" tests="19" name="com.saucedemo.tests.LoginPageTests" time="126.712" errors="0" timestamp="2026-04-14T21:52:39 IST" skipped="0">
  <testcase classname="com.saucedemo.tests.LoginPageTests" name="TC_Login_016" time="6.180"/>
  <testcase classname="com.saucedemo.tests.LoginPageTests" name="TC_LoginPage_008" time="5.783"/>
  <testcase classname="com.saucedemo.tests.LoginPageTests" name="TC_Login_015" time="5.898"/>
  <testcase classname="com.saucedemo.tests.LoginPageTests" name="TC_LoginPage_005" time="5.838"/>
  <testcase classname="com.saucedemo.tests.LoginPageTests" name="TC_LoginPage_006" time="5.932"/>
  <testcase classname="com.saucedemo.tests.LoginPageTests" name="TC_LoginPage_003" time="5.982"/>
  <testcase classname="com.saucedemo.tests.LoginPageTests" name="TC_LoginPage_011" time="10.962"/>
  <testcase classname="com.saucedemo.tests.LoginPageTests" name="TC_LoginPage_002" time="6.558"/>
  <testcase classname="com.saucedemo.tests.LoginPageTests" name="TC_Login_018" time="12.475"/>
  <testcase classname="com.saucedemo.tests.LoginPageTests" name="TC_LoginPage_004" time="5.981"/>
  <testcase classname="com.saucedemo.tests.LoginPageTests" name="TC_Login_014" time="6.001"/>
  <testcase classname="com.saucedemo.tests.LoginPageTests" name="TC_Login_013" time="5.622"/>
  <testcase classname="com.saucedemo.tests.LoginPageTests" name="TC_Login_012" time="5.774"/>
  <testcase classname="com.saucedemo.tests.LoginPageTests" name="TC_LoginPage_001" time="6.054"/>
  <testcase classname="com.saucedemo.tests.LoginPageTests" name="TC_LoginPage_009" time="6.305"/>
  <testcase classname="com.saucedemo.tests.LoginPageTests" name="TC_LoginPage_007" time="6.024"/>
  <testcase classname="com.saucedemo.tests.LoginPageTests" name="TC_Login_017" time="6.059"/>
  <testcase classname="com.saucedemo.tests.LoginPageTests" name="TC_LoginPage_010" time="5.809"/>
  <testcase classname="com.saucedemo.tests.LoginPageTests" name="TC_Login_019" time="7.475"/>
</testsuite> <!-- com.saucedemo.tests.LoginPageTests -->
